<?xml version="1.0" encoding="UTF-8"?>
<robot generator="Robot 4.1.3 (Python 3.9.7 on win32)" generated="20220317 13:51:15.669" rpa="false" schemaversion="2">
<suite id="s1" name="Verify Invalidcredential Suite" source="C:\Users\dell\PycharmProjects\robot_framework2\login_suite\verify_invalidcredential_suite.robot">
<test id="s1-t1" name="Verify InValid Credential Test">
<kw name="Launch Browser" library=" CommonFunctionality">
<kw name="Open Browser" library="SeleniumLibrary">
<arg>browser=${BROWSER_NAME}</arg>
<arg>executable_path=${EXECDIR}${/}driver${/}chromedriver.exe</arg>
<doc>Opens a new browser instance to the optional ``url``.</doc>
<msg timestamp="20220317 13:51:16.795" level="INFO">Opening browser 'chrome' to base url 'None'.</msg>
<status status="PASS" starttime="20220317 13:51:16.794" endtime="20220317 13:51:27.341"/>
</kw>
<kw name="Maximize Browser Window" library="SeleniumLibrary">
<doc>Maximizes current browser window.</doc>
<status status="PASS" starttime="20220317 13:51:27.342" endtime="20220317 13:51:27.477"/>
</kw>
<kw name="Set Selenium Implicit Wait" library="SeleniumLibrary">
<arg>20s</arg>
<doc>Sets the implicit wait value used by Selenium.</doc>
<status status="PASS" starttime="20220317 13:51:27.477" endtime="20220317 13:51:27.511"/>
</kw>
<kw name="Go To" library="SeleniumLibrary">
<arg>${URL}</arg>
<doc>Navigates the current browser window to the provided ``url``.</doc>
<msg timestamp="20220317 13:51:27.512" level="INFO">Opening url 'https://opensource-demo.orangehrmlive.com/'</msg>
<status status="PASS" starttime="20220317 13:51:27.511" endtime="20220317 13:51:33.802"/>
</kw>
<status status="PASS" starttime="20220317 13:51:16.794" endtime="20220317 13:51:33.802"/>
</kw>
<kw name="Input Text" library="SeleniumLibrary">
<arg>id=txtUsername</arg>
<arg>Rasel</arg>
<doc>Types the given ``text`` into the text field identified by ``locator``.</doc>
<msg timestamp="20220317 13:51:33.804" level="INFO">Typing text 'Rasel' into text field 'id=txtUsername'.</msg>
<status status="PASS" starttime="20220317 13:51:33.803" endtime="20220317 13:51:33.885"/>
</kw>
<kw name="Input Password" library="SeleniumLibrary">
<arg>id=txtPassword</arg>
<arg>paswd</arg>
<doc>Types the given password into the text field identified by ``locator``.</doc>
<msg timestamp="20220317 13:51:33.887" level="INFO">Typing password into text field 'id=txtPassword'.</msg>
<msg timestamp="20220317 13:51:33.934" level="INFO">Temporally setting log level to: NONE</msg>
<msg timestamp="20220317 13:51:33.981" level="INFO">Log level changed from NONE to INFO.</msg>
<status status="PASS" starttime="20220317 13:51:33.887" endtime="20220317 13:51:33.981"/>
</kw>
<kw name="Click Element" library="SeleniumLibrary">
<arg>id=btnLogin</arg>
<doc>Click the element identified by ``locator``.</doc>
<msg timestamp="20220317 13:51:33.982" level="INFO">Clicking element 'id=btnLogin'.</msg>
<status status="PASS" starttime="20220317 13:51:33.982" endtime="20220317 13:51:35.304"/>
</kw>
<kw name="Element Text Should Be" library="SeleniumLibrary">
<arg>xpath=//span[contains(text(),'Invalid')]</arg>
<arg>Invalid credentials</arg>
<doc>Verifies that element ``locator`` contains exact the text ``expected``.</doc>
<msg timestamp="20220317 13:51:35.306" level="INFO">Verifying element 'xpath=//span[contains(text(),'Invalid')]' contains exact text 'Invalid credentials'.</msg>
<status status="PASS" starttime="20220317 13:51:35.305" endtime="20220317 13:51:35.349"/>
</kw>
<kw name="Close Browser" library="SeleniumLibrary" type="TEARDOWN">
<doc>Closes the current browser.</doc>
<status status="PASS" starttime="20220317 13:51:35.350" endtime="20220317 13:51:37.667"/>
</kw>
<status status="PASS" starttime="20220317 13:51:16.793" endtime="20220317 13:51:37.668"/>
</test>
<doc>This suite will handle all the test cases related to invalid
credential test. Test case - TC_OH_3</doc>
<status status="PASS" starttime="20220317 13:51:15.671" endtime="20220317 13:51:37.670"/>
</suite>
<statistics>
<total>
<stat pass="1" fail="0" skip="0">All Tests</stat>
</total>
<tag>
</tag>
<suite>
<stat pass="1" fail="0" skip="0" id="s1" name="Verify Invalidcredential Suite">Verify Invalidcredential Suite</stat>
</suite>
</statistics>
<errors>
</errors>
</robot>
