<?xml version="1.0" encoding="UTF-8"?>
<robot generator="Robot 4.1.3 (Python 3.9.7 on win32)" generated="20220317 14:26:20.763" rpa="false" schemaversion="2">
<suite id="s1" name="Verify Invalidcredential Suite" source="C:\Users\dell\PycharmProjects\robot_framework2\login_suite\verify_invalidcredential_suite.robot">
<test id="s1-t1" name="TC1">
<kw name="Launch Browser" library=" CommonFunctionality" type="SETUP">
<kw name="Open Browser" library="SeleniumLibrary">
<arg>browser=${BROWSER_NAME}</arg>
<arg>executable_path=${EXECDIR}${/}driver${/}chromedriver.exe</arg>
<doc>Opens a new browser instance to the optional ``url``.</doc>
<msg timestamp="20220317 14:26:21.000" level="INFO">Opening browser 'chrome' to base url 'None'.</msg>
<status status="PASS" starttime="20220317 14:26:21.000" endtime="20220317 14:26:28.076"/>
</kw>
<kw name="Maximize Browser Window" library="SeleniumLibrary">
<doc>Maximizes current browser window.</doc>
<status status="PASS" starttime="20220317 14:26:28.077" endtime="20220317 14:26:28.196"/>
</kw>
<kw name="Set Selenium Implicit Wait" library="SeleniumLibrary">
<arg>20s</arg>
<doc>Sets the implicit wait value used by Selenium.</doc>
<status status="PASS" starttime="20220317 14:26:28.196" endtime="20220317 14:26:28.248"/>
</kw>
<kw name="Go To" library="SeleniumLibrary">
<arg>${URL}</arg>
<doc>Navigates the current browser window to the provided ``url``.</doc>
<msg timestamp="20220317 14:26:28.249" level="INFO">Opening url 'https://opensource-demo.orangehrmlive.com/'</msg>
<status status="PASS" starttime="20220317 14:26:28.248" endtime="20220317 14:26:40.223"/>
</kw>
<status status="PASS" starttime="20220317 14:26:20.999" endtime="20220317 14:26:40.223"/>
</kw>
<kw name="Verify InValid Credential Test">
<arg>Rasel</arg>
<arg>rasel123</arg>
<arg>Invalid credentials</arg>
<kw name="Input Text" library="SeleniumLibrary">
<arg>id=txtUsername</arg>
<arg>${username}</arg>
<doc>Types the given ``text`` into the text field identified by ``locator``.</doc>
<msg timestamp="20220317 14:26:40.225" level="INFO">Typing text 'Rasel' into text field 'id=txtUsername'.</msg>
<status status="PASS" starttime="20220317 14:26:40.225" endtime="20220317 14:26:40.323"/>
</kw>
<kw name="Input Password" library="SeleniumLibrary">
<arg>id=txtPassword</arg>
<arg>${password}</arg>
<doc>Types the given password into the text field identified by ``locator``.</doc>
<msg timestamp="20220317 14:26:40.324" level="INFO">Typing password into text field 'id=txtPassword'.</msg>
<msg timestamp="20220317 14:26:40.374" level="INFO">Temporally setting log level to: NONE</msg>
<msg timestamp="20220317 14:26:40.419" level="INFO">Log level changed from NONE to INFO.</msg>
<status status="PASS" starttime="20220317 14:26:40.323" endtime="20220317 14:26:40.419"/>
</kw>
<kw name="Click Element" library="SeleniumLibrary">
<arg>id=btnLogin</arg>
<doc>Click the element identified by ``locator``.</doc>
<msg timestamp="20220317 14:26:40.420" level="INFO">Clicking element 'id=btnLogin'.</msg>
<status status="PASS" starttime="20220317 14:26:40.420" endtime="20220317 14:26:42.313"/>
</kw>
<kw name="Element Text Should Be" library="SeleniumLibrary">
<arg>xpath=//span[contains(text(),'Invalid')]</arg>
<arg>${expected_error}</arg>
<doc>Verifies that element ``locator`` contains exact the text ``expected``.</doc>
<msg timestamp="20220317 14:26:42.313" level="INFO">Verifying element 'xpath=//span[contains(text(),'Invalid')]' contains exact text 'Invalid credentials'.</msg>
<status status="PASS" starttime="20220317 14:26:42.313" endtime="20220317 14:26:42.456"/>
</kw>
<status status="PASS" starttime="20220317 14:26:40.224" endtime="20220317 14:26:42.456"/>
</kw>
<kw name="Close Browser" library="SeleniumLibrary" type="TEARDOWN">
<doc>Closes the current browser.</doc>
<status status="PASS" starttime="20220317 14:26:42.457" endtime="20220317 14:26:46.061"/>
</kw>
<status status="PASS" starttime="20220317 14:26:20.999" endtime="20220317 14:26:46.061"/>
</test>
<test id="s1-t2" name="TC2">
<kw name="Launch Browser" library=" CommonFunctionality" type="SETUP">
<kw name="Open Browser" library="SeleniumLibrary">
<arg>browser=${BROWSER_NAME}</arg>
<arg>executable_path=${EXECDIR}${/}driver${/}chromedriver.exe</arg>
<doc>Opens a new browser instance to the optional ``url``.</doc>
<msg timestamp="20220317 14:26:46.067" level="INFO">Opening browser 'chrome' to base url 'None'.</msg>
<status status="PASS" starttime="20220317 14:26:46.066" endtime="20220317 14:26:50.926"/>
</kw>
<kw name="Maximize Browser Window" library="SeleniumLibrary">
<doc>Maximizes current browser window.</doc>
<status status="PASS" starttime="20220317 14:26:50.926" endtime="20220317 14:26:51.043"/>
</kw>
<kw name="Set Selenium Implicit Wait" library="SeleniumLibrary">
<arg>20s</arg>
<doc>Sets the implicit wait value used by Selenium.</doc>
<status status="PASS" starttime="20220317 14:26:51.043" endtime="20220317 14:26:51.047"/>
</kw>
<kw name="Go To" library="SeleniumLibrary">
<arg>${URL}</arg>
<doc>Navigates the current browser window to the provided ``url``.</doc>
<msg timestamp="20220317 14:26:51.048" level="INFO">Opening url 'https://opensource-demo.orangehrmlive.com/'</msg>
<status status="PASS" starttime="20220317 14:26:51.047" endtime="20220317 14:26:57.514"/>
</kw>
<status status="PASS" starttime="20220317 14:26:46.065" endtime="20220317 14:26:57.514"/>
</kw>
<kw name="Verify InValid Credential Test">
<arg>Smith</arg>
<arg>smith34</arg>
<arg>Invalid credentials</arg>
<kw name="Input Text" library="SeleniumLibrary">
<arg>id=txtUsername</arg>
<arg>${username}</arg>
<doc>Types the given ``text`` into the text field identified by ``locator``.</doc>
<msg timestamp="20220317 14:26:57.516" level="INFO">Typing text 'Smith' into text field 'id=txtUsername'.</msg>
<status status="PASS" starttime="20220317 14:26:57.515" endtime="20220317 14:26:57.607"/>
</kw>
<kw name="Input Password" library="SeleniumLibrary">
<arg>id=txtPassword</arg>
<arg>${password}</arg>
<doc>Types the given password into the text field identified by ``locator``.</doc>
<msg timestamp="20220317 14:26:57.607" level="INFO">Typing password into text field 'id=txtPassword'.</msg>
<msg timestamp="20220317 14:26:57.658" level="INFO">Temporally setting log level to: NONE</msg>
<msg timestamp="20220317 14:26:57.693" level="INFO">Log level changed from NONE to INFO.</msg>
<status status="PASS" starttime="20220317 14:26:57.607" endtime="20220317 14:26:57.693"/>
</kw>
<kw name="Click Element" library="SeleniumLibrary">
<arg>id=btnLogin</arg>
<doc>Click the element identified by ``locator``.</doc>
<msg timestamp="20220317 14:26:57.693" level="INFO">Clicking element 'id=btnLogin'.</msg>
<status status="PASS" starttime="20220317 14:26:57.693" endtime="20220317 14:26:59.191"/>
</kw>
<kw name="Element Text Should Be" library="SeleniumLibrary">
<arg>xpath=//span[contains(text(),'Invalid')]</arg>
<arg>${expected_error}</arg>
<doc>Verifies that element ``locator`` contains exact the text ``expected``.</doc>
<msg timestamp="20220317 14:26:59.192" level="INFO">Verifying element 'xpath=//span[contains(text(),'Invalid')]' contains exact text 'Invalid credentials'.</msg>
<status status="PASS" starttime="20220317 14:26:59.191" endtime="20220317 14:26:59.233"/>
</kw>
<status status="PASS" starttime="20220317 14:26:57.515" endtime="20220317 14:26:59.233"/>
</kw>
<kw name="Close Browser" library="SeleniumLibrary" type="TEARDOWN">
<doc>Closes the current browser.</doc>
<status status="PASS" starttime="20220317 14:26:59.234" endtime="20220317 14:27:01.403"/>
</kw>
<status status="PASS" starttime="20220317 14:26:46.064" endtime="20220317 14:27:01.404"/>
</test>
<test id="s1-t3" name="TC3">
<kw name="Launch Browser" library=" CommonFunctionality" type="SETUP">
<kw name="Open Browser" library="SeleniumLibrary">
<arg>browser=${BROWSER_NAME}</arg>
<arg>executable_path=${EXECDIR}${/}driver${/}chromedriver.exe</arg>
<doc>Opens a new browser instance to the optional ``url``.</doc>
<msg timestamp="20220317 14:27:01.406" level="INFO">Opening browser 'chrome' to base url 'None'.</msg>
<status status="PASS" starttime="20220317 14:27:01.406" endtime="20220317 14:27:03.104"/>
</kw>
<kw name="Maximize Browser Window" library="SeleniumLibrary">
<doc>Maximizes current browser window.</doc>
<status status="PASS" starttime="20220317 14:27:03.105" endtime="20220317 14:27:03.230"/>
</kw>
<kw name="Set Selenium Implicit Wait" library="SeleniumLibrary">
<arg>20s</arg>
<doc>Sets the implicit wait value used by Selenium.</doc>
<status status="PASS" starttime="20220317 14:27:03.230" endtime="20220317 14:27:03.232"/>
</kw>
<kw name="Go To" library="SeleniumLibrary">
<arg>${URL}</arg>
<doc>Navigates the current browser window to the provided ``url``.</doc>
<msg timestamp="20220317 14:27:03.232" level="INFO">Opening url 'https://opensource-demo.orangehrmlive.com/'</msg>
<status status="PASS" starttime="20220317 14:27:03.232" endtime="20220317 14:27:11.254"/>
</kw>
<status status="PASS" starttime="20220317 14:27:01.405" endtime="20220317 14:27:11.254"/>
</kw>
<kw name="Verify InValid Credential Test">
<arg>john</arg>
<arg>john123</arg>
<arg>Invalid credentials</arg>
<kw name="Input Text" library="SeleniumLibrary">
<arg>id=txtUsername</arg>
<arg>${username}</arg>
<doc>Types the given ``text`` into the text field identified by ``locator``.</doc>
<msg timestamp="20220317 14:27:11.256" level="INFO">Typing text 'john' into text field 'id=txtUsername'.</msg>
<status status="PASS" starttime="20220317 14:27:11.255" endtime="20220317 14:27:11.333"/>
</kw>
<kw name="Input Password" library="SeleniumLibrary">
<arg>id=txtPassword</arg>
<arg>${password}</arg>
<doc>Types the given password into the text field identified by ``locator``.</doc>
<msg timestamp="20220317 14:27:11.334" level="INFO">Typing password into text field 'id=txtPassword'.</msg>
<msg timestamp="20220317 14:27:11.366" level="INFO">Temporally setting log level to: NONE</msg>
<msg timestamp="20220317 14:27:11.409" level="INFO">Log level changed from NONE to INFO.</msg>
<status status="PASS" starttime="20220317 14:27:11.334" endtime="20220317 14:27:11.409"/>
</kw>
<kw name="Click Element" library="SeleniumLibrary">
<arg>id=btnLogin</arg>
<doc>Click the element identified by ``locator``.</doc>
<msg timestamp="20220317 14:27:11.409" level="INFO">Clicking element 'id=btnLogin'.</msg>
<status status="PASS" starttime="20220317 14:27:11.409" endtime="20220317 14:27:12.934"/>
</kw>
<kw name="Element Text Should Be" library="SeleniumLibrary">
<arg>xpath=//span[contains(text(),'Invalid')]</arg>
<arg>${expected_error}</arg>
<doc>Verifies that element ``locator`` contains exact the text ``expected``.</doc>
<msg timestamp="20220317 14:27:12.936" level="INFO">Verifying element 'xpath=//span[contains(text(),'Invalid')]' contains exact text 'Invalid credentials'.</msg>
<status status="PASS" starttime="20220317 14:27:12.935" endtime="20220317 14:27:12.973"/>
</kw>
<status status="PASS" starttime="20220317 14:27:11.255" endtime="20220317 14:27:12.973"/>
</kw>
<kw name="Close Browser" library="SeleniumLibrary" type="TEARDOWN">
<doc>Closes the current browser.</doc>
<status status="PASS" starttime="20220317 14:27:12.973" endtime="20220317 14:27:15.218"/>
</kw>
<status status="PASS" starttime="20220317 14:27:01.405" endtime="20220317 14:27:15.218"/>
</test>
<doc>This suite will handle all the test cases related to invalid
credential test. Test case - TC_OH_3</doc>
<status status="PASS" starttime="20220317 14:26:20.764" endtime="20220317 14:27:15.220"/>
</suite>
<statistics>
<total>
<stat pass="3" fail="0" skip="0">All Tests</stat>
</total>
<tag>
</tag>
<suite>
<stat pass="3" fail="0" skip="0" id="s1" name="Verify Invalidcredential Suite">Verify Invalidcredential Suite</stat>
</suite>
</statistics>
<errors>
</errors>
</robot>
