<?xml version="1.0" encoding="UTF-8"?>
<robot generator="Robot 4.1.3 (Python 3.9.7 on win32)" generated="20220317 10:55:47.226" rpa="false" schemaversion="2">
<suite id="s1" name="Verify Validcredential Suite" source="C:\Users\dell\PycharmProjects\robot_framework2\login_suite\verify_validcredential_suite.robot">
<test id="s1-t1" name="Verify Valid Credential Test">
<kw name="Open Browser" library="SeleniumLibrary">
<arg>browser=chrome</arg>
<arg>executable_path=${EXECDIR}${/}driver${/}chromedriver.exe</arg>
<doc>Opens a new browser instance to the optional ``url``.</doc>
<msg timestamp="20220317 10:55:47.576" level="INFO">Opening browser 'chrome' to base url 'None'.</msg>
<status status="PASS" starttime="20220317 10:55:47.576" endtime="20220317 10:55:50.787"/>
</kw>
<kw name="Maximize Browser Window" library="SeleniumLibrary">
<doc>Maximizes current browser window.</doc>
<status status="PASS" starttime="20220317 10:55:50.790" endtime="20220317 10:55:50.916"/>
</kw>
<kw name="Set Selenium Implicit Wait" library="SeleniumLibrary">
<arg>20s</arg>
<doc>Sets the implicit wait value used by Selenium.</doc>
<status status="PASS" starttime="20220317 10:55:50.916" endtime="20220317 10:55:50.916"/>
</kw>
<kw name="Go To" library="SeleniumLibrary">
<arg>https://opensource-demo.orangehrmlive.com/</arg>
<doc>Navigates the current browser window to the provided ``url``.</doc>
<msg timestamp="20220317 10:55:50.916" level="INFO">Opening url 'https://opensource-demo.orangehrmlive.com/'</msg>
<status status="PASS" starttime="20220317 10:55:50.916" endtime="20220317 10:55:57.607"/>
</kw>
<kw name="Input Text" library="SeleniumLibrary">
<arg>id=txtUsername</arg>
<arg>Admin</arg>
<doc>Types the given ``text`` into the text field identified by ``locator``.</doc>
<msg timestamp="20220317 10:55:57.607" level="INFO">Typing text 'Admin' into text field 'id=txtUsername'.</msg>
<status status="PASS" starttime="20220317 10:55:57.607" endtime="20220317 10:55:57.711"/>
</kw>
<kw name="Input Password" library="SeleniumLibrary">
<arg>id=txtPassword</arg>
<arg>admin123</arg>
<doc>Types the given password into the text field identified by ``locator``.</doc>
<msg timestamp="20220317 10:55:57.713" level="INFO">Typing password into text field 'id=txtPassword'.</msg>
<msg timestamp="20220317 10:55:57.757" level="INFO">Temporally setting log level to: NONE</msg>
<msg timestamp="20220317 10:55:57.813" level="INFO">Log level changed from NONE to INFO.</msg>
<status status="PASS" starttime="20220317 10:55:57.713" endtime="20220317 10:55:57.813"/>
</kw>
<kw name="Click Element" library="SeleniumLibrary">
<arg>id=btnLogin</arg>
<doc>Click the element identified by ``locator``.</doc>
<msg timestamp="20220317 10:55:57.818" level="INFO">Clicking element 'id=btnLogin'.</msg>
<status status="PASS" starttime="20220317 10:55:57.817" endtime="20220317 10:56:11.549"/>
</kw>
<kw name="Page Should Contain" library="SeleniumLibrary">
<arg>My Info</arg>
<doc>Verifies that current page contains ``text``.</doc>
<msg timestamp="20220317 10:56:11.571" level="INFO">Current page contains text 'My Info'.</msg>
<status status="PASS" starttime="20220317 10:56:11.550" endtime="20220317 10:56:11.571"/>
</kw>
<kw name="Close Browser" library="SeleniumLibrary" type="TEARDOWN">
<doc>Closes the current browser.</doc>
<status status="PASS" starttime="20220317 10:56:11.571" endtime="20220317 10:56:16.036"/>
</kw>
<status status="PASS" starttime="20220317 10:55:47.576" endtime="20220317 10:56:16.038"/>
</test>
<doc>This suite will handle all the test cases related to valid
credential test. Test case - TC_OH_2</doc>
<status status="PASS" starttime="20220317 10:55:47.235" endtime="20220317 10:56:16.039"/>
</suite>
<statistics>
<total>
<stat pass="1" fail="0" skip="0">All Tests</stat>
</total>
<tag>
</tag>
<suite>
<stat pass="1" fail="0" skip="0" id="s1" name="Verify Validcredential Suite">Verify Validcredential Suite</stat>
</suite>
</statistics>
<errors>
</errors>
</robot>
