<?xml version="1.0" encoding="UTF-8"?>
<robot generator="Robot 4.1.3 (Python 3.9.7 on win32)" generated="20220319 14:45:43.674" rpa="false" schemaversion="2">
<suite id="s1" name="Verify Validcredential Suite" source="C:\Users\dell\PycharmProjects\robot_framework2\login_suite\verify_validcredential_suite.robot">
<test id="s1-t1" name="Verify Valid Credential Test">
<kw name="Launch Browser" library=" CommonFunctionality" type="SETUP">
<if>
<branch type="IF" condition="'${BROWSER_NAME}'=='edge'">
<kw name="Set Local Variable" library="BuiltIn">
<arg>${driver_name}</arg>
<arg>msedgedriver.exe</arg>
<doc>Makes a variable available everywhere within the local scope.</doc>
<status status="NOT RUN" starttime="20220319 14:45:44.006" endtime="20220319 14:45:44.006"/>
</kw>
<status status="NOT RUN" starttime="20220319 14:45:44.006" endtime="20220319 14:45:44.006"/>
</branch>
<branch type="ELSE IF" condition="'${BROWSER_NAME}'== 'ff'">
<kw name="Set Local Variable" library="BuiltIn">
<arg>${driver_name}</arg>
<arg>geckodriver.exe</arg>
<doc>Makes a variable available everywhere within the local scope.</doc>
<status status="NOT RUN" starttime="20220319 14:45:44.006" endtime="20220319 14:45:44.006"/>
</kw>
<status status="NOT RUN" starttime="20220319 14:45:44.006" endtime="20220319 14:45:44.006"/>
</branch>
<branch type="ELSE">
<kw name="Set Local Variable" library="BuiltIn">
<arg>${driver_name}</arg>
<arg>chromedriver.exe</arg>
<doc>Makes a variable available everywhere within the local scope.</doc>
<msg timestamp="20220319 14:45:44.006" level="INFO">${driver_name} = chromedriver.exe</msg>
<status status="PASS" starttime="20220319 14:45:44.006" endtime="20220319 14:45:44.006"/>
</kw>
<status status="PASS" starttime="20220319 14:45:44.006" endtime="20220319 14:45:44.006"/>
</branch>
<status status="PASS" starttime="20220319 14:45:44.005" endtime="20220319 14:45:44.006"/>
</if>
<kw name="Open Browser" library="SeleniumLibrary">
<arg>browser=${BROWSER_NAME}</arg>
<arg>executable_path=${EXECDIR}${/}driver${/}chromedriver.exe</arg>
<doc>Opens a new browser instance to the optional ``url``.</doc>
<msg timestamp="20220319 14:45:44.009" level="INFO">Opening browser 'chrome' to base url 'None'.</msg>
<status status="PASS" starttime="20220319 14:45:44.009" endtime="20220319 14:45:45.531"/>
</kw>
<kw name="Maximize Browser Window" library="SeleniumLibrary">
<doc>Maximizes current browser window.</doc>
<status status="PASS" starttime="20220319 14:45:45.532" endtime="20220319 14:45:45.706"/>
</kw>
<kw name="Set Selenium Implicit Wait" library="SeleniumLibrary">
<arg>20s</arg>
<doc>Sets the implicit wait value used by Selenium.</doc>
<status status="PASS" starttime="20220319 14:45:45.706" endtime="20220319 14:45:45.712"/>
</kw>
<kw name="Go To" library="SeleniumLibrary">
<arg>${URL}</arg>
<doc>Navigates the current browser window to the provided ``url``.</doc>
<msg timestamp="20220319 14:45:45.713" level="INFO">Opening url 'https://opensource-demo.orangehrmlive.com/'</msg>
<status status="PASS" starttime="20220319 14:45:45.713" endtime="20220319 14:45:52.186"/>
</kw>
<kw name="Set Screenshot Directory" library="SeleniumLibrary">
<arg>${EXECDIR}${/}screenshots</arg>
<doc>Sets the directory for captured screenshots.</doc>
<status status="PASS" starttime="20220319 14:45:52.186" endtime="20220319 14:45:52.187"/>
</kw>
<status status="PASS" starttime="20220319 14:45:44.005" endtime="20220319 14:45:52.187"/>
</kw>
<kw name="Enter Username" library="LoginPage">
<arg>Admin</arg>
<kw name="Input Text" library="SeleniumLibrary">
<arg>${USERNAME_LOCATOR}</arg>
<arg>${username}</arg>
<doc>Types the given ``text`` into the text field identified by ``locator``.</doc>
<msg timestamp="20220319 14:45:52.191" level="INFO">Typing text 'Admin' into text field 'id=txtUsername'.</msg>
<status status="PASS" starttime="20220319 14:45:52.190" endtime="20220319 14:45:52.375"/>
</kw>
<status status="PASS" starttime="20220319 14:45:52.189" endtime="20220319 14:45:52.376"/>
</kw>
<kw name="Enter Password" library="LoginPage">
<arg>admin123</arg>
<kw name="Input Text" library="SeleniumLibrary">
<arg>${PASSWORD_LOCATOR}</arg>
<arg>${password}</arg>
<doc>Types the given ``text`` into the text field identified by ``locator``.</doc>
<msg timestamp="20220319 14:45:52.376" level="INFO">Typing text 'admin123' into text field 'id=txtPassword'.</msg>
<status status="PASS" starttime="20220319 14:45:52.376" endtime="20220319 14:45:52.482"/>
</kw>
<status status="PASS" starttime="20220319 14:45:52.376" endtime="20220319 14:45:52.483"/>
</kw>
<kw name="Click Element" library="SeleniumLibrary">
<arg>id=btnLogin</arg>
<doc>Click the element identified by ``locator``.</doc>
<msg timestamp="20220319 14:45:52.484" level="INFO">Clicking element 'id=btnLogin'.</msg>
<status status="PASS" starttime="20220319 14:45:52.484" endtime="20220319 14:45:57.389"/>
</kw>
<kw name="Main Page Contain" library="MainPage">
<arg>My Info</arg>
<arg>text</arg>
<kw name="Page Should Contain" library="SeleniumLibrary">
<arg>${text1}</arg>
<doc>Verifies that current page contains ``text``.</doc>
<msg timestamp="20220319 14:45:57.415" level="INFO">Current page contains text 'My Info'.</msg>
<status status="PASS" starttime="20220319 14:45:57.393" endtime="20220319 14:45:57.415"/>
</kw>
<kw name="Page Should Contain" library="SeleniumLibrary">
<arg>${text2}</arg>
<doc>Verifies that current page contains ``text``.</doc>
<msg timestamp="20220319 14:45:57.433" level="INFO">Current page contains text 'text'.</msg>
<status status="PASS" starttime="20220319 14:45:57.415" endtime="20220319 14:45:57.433"/>
</kw>
<status status="PASS" starttime="20220319 14:45:57.392" endtime="20220319 14:45:57.433"/>
</kw>
<kw name="Capture Page Screenshot" library="SeleniumLibrary">
<doc>Takes a screenshot of the current page and embeds it into a log file.</doc>
<msg timestamp="20220319 14:45:57.684" level="INFO" html="true">&lt;/td&gt;&lt;/tr&gt;&lt;tr&gt;&lt;td colspan="3"&gt;&lt;a href="screenshots/selenium-screenshot-10.png"&gt;&lt;img src="screenshots/selenium-screenshot-10.png" width="800px"&gt;&lt;/a&gt;</msg>
<status status="PASS" starttime="20220319 14:45:57.433" endtime="20220319 14:45:57.684"/>
</kw>
<kw name="Close Browser" library="SeleniumLibrary" type="TEARDOWN">
<doc>Closes the current browser.</doc>
<status status="PASS" starttime="20220319 14:45:57.684" endtime="20220319 14:45:59.853"/>
</kw>
<status status="PASS" starttime="20220319 14:45:44.005" endtime="20220319 14:45:59.853"/>
</test>
<doc>This suite will handle all the test cases related to valid
credential test. Test case - TC_OH_2</doc>
<status status="PASS" starttime="20220319 14:45:43.681" endtime="20220319 14:45:59.853"/>
</suite>
<statistics>
<total>
<stat pass="1" fail="0" skip="0">All Tests</stat>
</total>
<tag>
</tag>
<suite>
<stat pass="1" fail="0" skip="0" id="s1" name="Verify Validcredential Suite">Verify Validcredential Suite</stat>
</suite>
</statistics>
<errors>
</errors>
</robot>
