<?xml version="1.0" encoding="UTF-8"?>
<robot generator="Robot 4.1.3 (Python 3.9.7 on win32)" generated="20220317 15:33:12.892" rpa="false" schemaversion="2">
<suite id="s1" name="Verify Emergency Contact Suite" source="C:\Users\dell\PycharmProjects\robot_framework2\my_info_suite\verify_emergency_contact_suite.robot">
<test id="s1-t1" name="TC1">
<kw name="Launch Browser" library=" CommonFunctionality" type="SETUP">
<kw name="Open Browser" library="SeleniumLibrary">
<arg>browser=${BROWSER_NAME}</arg>
<arg>executable_path=${EXECDIR}${/}driver${/}chromedriver.exe</arg>
<doc>Opens a new browser instance to the optional ``url``.</doc>
<msg timestamp="20220317 15:33:13.251" level="INFO">Opening browser 'chrome' to base url 'None'.</msg>
<status status="PASS" starttime="20220317 15:33:13.251" endtime="20220317 15:33:20.170"/>
</kw>
<kw name="Maximize Browser Window" library="SeleniumLibrary">
<doc>Maximizes current browser window.</doc>
<status status="PASS" starttime="20220317 15:33:20.170" endtime="20220317 15:33:20.396"/>
</kw>
<kw name="Set Selenium Implicit Wait" library="SeleniumLibrary">
<arg>20s</arg>
<doc>Sets the implicit wait value used by Selenium.</doc>
<status status="PASS" starttime="20220317 15:33:20.397" endtime="20220317 15:33:20.433"/>
</kw>
<kw name="Go To" library="SeleniumLibrary">
<arg>${URL}</arg>
<doc>Navigates the current browser window to the provided ``url``.</doc>
<msg timestamp="20220317 15:33:20.433" level="INFO">Opening url 'https://opensource-demo.orangehrmlive.com/'</msg>
<status status="PASS" starttime="20220317 15:33:20.433" endtime="20220317 15:33:30.382"/>
</kw>
<status status="PASS" starttime="20220317 15:33:13.251" endtime="20220317 15:33:30.382"/>
</kw>
<kw name="Verify Add Emergency Contact Test">
<arg>Admin</arg>
<arg>admin123</arg>
<arg>John</arg>
<arg>brother</arg>
<arg>898989</arg>
<kw name="Input Text" library="SeleniumLibrary">
<arg>id=txtUsername</arg>
<arg>${username}</arg>
<doc>Types the given ``text`` into the text field identified by ``locator``.</doc>
<msg timestamp="20220317 15:33:30.382" level="INFO">Typing text 'Admin' into text field 'id=txtUsername'.</msg>
<status status="PASS" starttime="20220317 15:33:30.382" endtime="20220317 15:33:30.514"/>
</kw>
<kw name="Input Password" library="SeleniumLibrary">
<arg>id=txtPassword</arg>
<arg>${password}</arg>
<doc>Types the given password into the text field identified by ``locator``.</doc>
<msg timestamp="20220317 15:33:30.515" level="INFO">Typing password into text field 'id=txtPassword'.</msg>
<msg timestamp="20220317 15:33:30.561" level="INFO">Temporally setting log level to: NONE</msg>
<msg timestamp="20220317 15:33:30.615" level="INFO">Log level changed from NONE to INFO.</msg>
<status status="PASS" starttime="20220317 15:33:30.515" endtime="20220317 15:33:30.615"/>
</kw>
<kw name="Click Element" library="SeleniumLibrary">
<arg>id=btnLogin</arg>
<doc>Click the element identified by ``locator``.</doc>
<msg timestamp="20220317 15:33:30.615" level="INFO">Clicking element 'id=btnLogin'.</msg>
<status status="PASS" starttime="20220317 15:33:30.615" endtime="20220317 15:33:37.546"/>
</kw>
<kw name="Click Element" library="SeleniumLibrary">
<arg>id=menu_pim_viewMyDetails</arg>
<doc>Click the element identified by ``locator``.</doc>
<msg timestamp="20220317 15:33:37.546" level="INFO">Clicking element 'id=menu_pim_viewMyDetails'.</msg>
<status status="PASS" starttime="20220317 15:33:37.546" endtime="20220317 15:33:40.138"/>
</kw>
<kw name="Click Element" library="SeleniumLibrary">
<arg>partial link=Emergency Contacts</arg>
<doc>Click the element identified by ``locator``.</doc>
<msg timestamp="20220317 15:33:40.140" level="INFO">Clicking element 'partial link=Emergency Contacts'.</msg>
<status status="PASS" starttime="20220317 15:33:40.138" endtime="20220317 15:33:41.085"/>
</kw>
<kw name="Click Element" library="SeleniumLibrary">
<arg>id=btnAddContact</arg>
<doc>Click the element identified by ``locator``.</doc>
<msg timestamp="20220317 15:33:41.085" level="INFO">Clicking element 'id=btnAddContact'.</msg>
<status status="PASS" starttime="20220317 15:33:41.085" endtime="20220317 15:33:41.202"/>
</kw>
<kw name="Input Text" library="SeleniumLibrary">
<arg>name=emgcontacts[name]</arg>
<arg>${contact_name}</arg>
<doc>Types the given ``text`` into the text field identified by ``locator``.</doc>
<msg timestamp="20220317 15:33:41.202" level="INFO">Typing text 'John' into text field 'name=emgcontacts[name]'.</msg>
<status status="PASS" starttime="20220317 15:33:41.202" endtime="20220317 15:33:41.347"/>
</kw>
<kw name="Input Text" library="SeleniumLibrary">
<arg>id=emgcontacts_relationship</arg>
<arg>${relationship}</arg>
<doc>Types the given ``text`` into the text field identified by ``locator``.</doc>
<msg timestamp="20220317 15:33:41.348" level="INFO">Typing text 'brother' into text field 'id=emgcontacts_relationship'.</msg>
<status status="PASS" starttime="20220317 15:33:41.348" endtime="20220317 15:33:41.474"/>
</kw>
<kw name="Input Text" library="SeleniumLibrary">
<arg>id=emgcontacts_homePhone</arg>
<arg>${home_telephone}</arg>
<doc>Types the given ``text`` into the text field identified by ``locator``.</doc>
<msg timestamp="20220317 15:33:41.475" level="INFO">Typing text '898989' into text field 'id=emgcontacts_homePhone'.</msg>
<status status="PASS" starttime="20220317 15:33:41.474" endtime="20220317 15:33:41.577"/>
</kw>
<kw name="Click Element" library="SeleniumLibrary">
<arg>id=btnSaveEContact</arg>
<doc>Click the element identified by ``locator``.</doc>
<msg timestamp="20220317 15:33:41.577" level="INFO">Clicking element 'id=btnSaveEContact'.</msg>
<status status="PASS" starttime="20220317 15:33:41.577" endtime="20220317 15:33:43.187"/>
</kw>
<kw name="Table Should Contain" library="SeleniumLibrary">
<arg>id=emgcontact_list</arg>
<arg>${contact_name}</arg>
<doc>Verifies table contains text ``expected``.</doc>
<status status="PASS" starttime="20220317 15:33:43.187" endtime="20220317 15:33:43.583"/>
</kw>
<kw name="Table Should Contain" library="SeleniumLibrary">
<arg>id=emgcontact_list</arg>
<arg>${home_telephone}</arg>
<doc>Verifies table contains text ``expected``.</doc>
<status status="PASS" starttime="20220317 15:33:43.583" endtime="20220317 15:33:43.891"/>
</kw>
<status status="PASS" starttime="20220317 15:33:30.382" endtime="20220317 15:33:43.891"/>
</kw>
<kw name="Close Browser" library="SeleniumLibrary" type="TEARDOWN">
<doc>Closes the current browser.</doc>
<status status="PASS" starttime="20220317 15:33:43.893" endtime="20220317 15:33:46.182"/>
</kw>
<status status="PASS" starttime="20220317 15:33:13.245" endtime="20220317 15:33:46.184"/>
</test>
<test id="s1-t2" name="TC2">
<kw name="Launch Browser" library=" CommonFunctionality" type="SETUP">
<kw name="Open Browser" library="SeleniumLibrary">
<arg>browser=${BROWSER_NAME}</arg>
<arg>executable_path=${EXECDIR}${/}driver${/}chromedriver.exe</arg>
<doc>Opens a new browser instance to the optional ``url``.</doc>
<msg timestamp="20220317 15:33:46.187" level="INFO">Opening browser 'chrome' to base url 'None'.</msg>
<status status="PASS" starttime="20220317 15:33:46.187" endtime="20220317 15:33:50.960"/>
</kw>
<kw name="Maximize Browser Window" library="SeleniumLibrary">
<doc>Maximizes current browser window.</doc>
<status status="PASS" starttime="20220317 15:33:50.960" endtime="20220317 15:33:51.090"/>
</kw>
<kw name="Set Selenium Implicit Wait" library="SeleniumLibrary">
<arg>20s</arg>
<doc>Sets the implicit wait value used by Selenium.</doc>
<status status="PASS" starttime="20220317 15:33:51.091" endtime="20220317 15:33:51.098"/>
</kw>
<kw name="Go To" library="SeleniumLibrary">
<arg>${URL}</arg>
<doc>Navigates the current browser window to the provided ``url``.</doc>
<msg timestamp="20220317 15:33:51.099" level="INFO">Opening url 'https://opensource-demo.orangehrmlive.com/'</msg>
<status status="PASS" starttime="20220317 15:33:51.098" endtime="20220317 15:34:21.395"/>
</kw>
<status status="PASS" starttime="20220317 15:33:46.187" endtime="20220317 15:34:21.395"/>
</kw>
<kw name="Verify Add Emergency Contact Test">
<arg>Admin</arg>
<arg>admin123</arg>
<arg>Sandy</arg>
<arg>sister</arg>
<arg>787878</arg>
<kw name="Input Text" library="SeleniumLibrary">
<arg>id=txtUsername</arg>
<arg>${username}</arg>
<doc>Types the given ``text`` into the text field identified by ``locator``.</doc>
<msg timestamp="20220317 15:34:21.399" level="INFO">Typing text 'Admin' into text field 'id=txtUsername'.</msg>
<status status="PASS" starttime="20220317 15:34:21.398" endtime="20220317 15:34:21.531"/>
</kw>
<kw name="Input Password" library="SeleniumLibrary">
<arg>id=txtPassword</arg>
<arg>${password}</arg>
<doc>Types the given password into the text field identified by ``locator``.</doc>
<msg timestamp="20220317 15:34:21.532" level="INFO">Typing password into text field 'id=txtPassword'.</msg>
<msg timestamp="20220317 15:34:21.580" level="INFO">Temporally setting log level to: NONE</msg>
<msg timestamp="20220317 15:34:21.649" level="INFO">Log level changed from NONE to INFO.</msg>
<status status="PASS" starttime="20220317 15:34:21.532" endtime="20220317 15:34:21.649"/>
</kw>
<kw name="Click Element" library="SeleniumLibrary">
<arg>id=btnLogin</arg>
<doc>Click the element identified by ``locator``.</doc>
<msg timestamp="20220317 15:34:21.651" level="INFO">Clicking element 'id=btnLogin'.</msg>
<status status="PASS" starttime="20220317 15:34:21.649" endtime="20220317 15:34:28.170"/>
</kw>
<kw name="Click Element" library="SeleniumLibrary">
<arg>id=menu_pim_viewMyDetails</arg>
<doc>Click the element identified by ``locator``.</doc>
<msg timestamp="20220317 15:34:28.170" level="INFO">Clicking element 'id=menu_pim_viewMyDetails'.</msg>
<status status="PASS" starttime="20220317 15:34:28.170" endtime="20220317 15:34:31.403"/>
</kw>
<kw name="Click Element" library="SeleniumLibrary">
<arg>partial link=Emergency Contacts</arg>
<doc>Click the element identified by ``locator``.</doc>
<msg timestamp="20220317 15:34:31.403" level="INFO">Clicking element 'partial link=Emergency Contacts'.</msg>
<status status="PASS" starttime="20220317 15:34:31.403" endtime="20220317 15:34:33.650"/>
</kw>
<kw name="Click Element" library="SeleniumLibrary">
<arg>id=btnAddContact</arg>
<doc>Click the element identified by ``locator``.</doc>
<msg timestamp="20220317 15:34:33.650" level="INFO">Clicking element 'id=btnAddContact'.</msg>
<status status="PASS" starttime="20220317 15:34:33.650" endtime="20220317 15:34:33.740"/>
</kw>
<kw name="Input Text" library="SeleniumLibrary">
<arg>name=emgcontacts[name]</arg>
<arg>${contact_name}</arg>
<doc>Types the given ``text`` into the text field identified by ``locator``.</doc>
<msg timestamp="20220317 15:34:33.740" level="INFO">Typing text 'Sandy' into text field 'name=emgcontacts[name]'.</msg>
<status status="PASS" starttime="20220317 15:34:33.740" endtime="20220317 15:34:33.849"/>
</kw>
<kw name="Input Text" library="SeleniumLibrary">
<arg>id=emgcontacts_relationship</arg>
<arg>${relationship}</arg>
<doc>Types the given ``text`` into the text field identified by ``locator``.</doc>
<msg timestamp="20220317 15:34:33.851" level="INFO">Typing text 'sister' into text field 'id=emgcontacts_relationship'.</msg>
<status status="PASS" starttime="20220317 15:34:33.849" endtime="20220317 15:34:33.964"/>
</kw>
<kw name="Input Text" library="SeleniumLibrary">
<arg>id=emgcontacts_homePhone</arg>
<arg>${home_telephone}</arg>
<doc>Types the given ``text`` into the text field identified by ``locator``.</doc>
<msg timestamp="20220317 15:34:33.964" level="INFO">Typing text '787878' into text field 'id=emgcontacts_homePhone'.</msg>
<status status="PASS" starttime="20220317 15:34:33.964" endtime="20220317 15:34:34.078"/>
</kw>
<kw name="Click Element" library="SeleniumLibrary">
<arg>id=btnSaveEContact</arg>
<doc>Click the element identified by ``locator``.</doc>
<msg timestamp="20220317 15:34:34.078" level="INFO">Clicking element 'id=btnSaveEContact'.</msg>
<status status="PASS" starttime="20220317 15:34:34.078" endtime="20220317 15:34:36.693"/>
</kw>
<kw name="Table Should Contain" library="SeleniumLibrary">
<arg>id=emgcontact_list</arg>
<arg>${contact_name}</arg>
<doc>Verifies table contains text ``expected``.</doc>
<status status="PASS" starttime="20220317 15:34:36.694" endtime="20220317 15:34:37.101"/>
</kw>
<kw name="Table Should Contain" library="SeleniumLibrary">
<arg>id=emgcontact_list</arg>
<arg>${home_telephone}</arg>
<doc>Verifies table contains text ``expected``.</doc>
<status status="PASS" starttime="20220317 15:34:37.101" endtime="20220317 15:34:37.446"/>
</kw>
<status status="PASS" starttime="20220317 15:34:21.398" endtime="20220317 15:34:37.446"/>
</kw>
<kw name="Close Browser" library="SeleniumLibrary" type="TEARDOWN">
<doc>Closes the current browser.</doc>
<status status="PASS" starttime="20220317 15:34:37.446" endtime="20220317 15:34:42.744"/>
</kw>
<status status="PASS" starttime="20220317 15:33:46.186" endtime="20220317 15:34:42.744"/>
</test>
<doc>This suite handles test case related to emergency contact</doc>
<status status="PASS" starttime="20220317 15:33:12.899" endtime="20220317 15:34:42.744"/>
</suite>
<statistics>
<total>
<stat pass="2" fail="0" skip="0">All Tests</stat>
</total>
<tag>
</tag>
<suite>
<stat pass="2" fail="0" skip="0" id="s1" name="Verify Emergency Contact Suite">Verify Emergency Contact Suite</stat>
</suite>
</statistics>
<errors>
</errors>
</robot>
